<?xml version="1.0" encoding="UTF-8"?>
<!-- Generated by org.testng.reporters.JUnitXMLReporter -->
<testsuite hostname="Lenovo-PC" name="Allannotation" tests="3" failures="0" timestamp="12 Oct 2018 09:58:09 GMT" time="0.049" errors="0">
  <testcase name="check" time="0.007" classname="TestNG.Allannotation"/>
  <testcase name="login" time="0.003" classname="TestNG.Allannotation"/>
  <testcase name="signout" time="0.012" classname="TestNG.Allannotation"/>
</testsuite> <!-- Allannotation -->
